<?xml version="1.0" encoding="UTF-8"?>
<testng-results ignored="0" total="1" passed="1" failed="0" skipped="0">
  <reporter-output>
  </reporter-output>
  <suite started-at="2024-10-17T11:00:57 NZDT" name="Default suite" finished-at="2024-10-17T11:00:59 NZDT" duration-ms="2176">
    <groups>
    </groups>
    <test started-at="2024-10-17T11:00:57 NZDT" name="Default test" finished-at="2024-10-17T11:00:59 NZDT" duration-ms="2176">
      <class name="files.DynamicJson">
        <test-method signature="addBook()[pri:0, instance:files.DynamicJson@4b0d79fc]" started-at="2024-10-17T11:00:57 NZDT" name="addBook" finished-at="2024-10-17T11:00:59 NZDT" duration-ms="2139" status="PASS">
          <reporter-output>
          </reporter-output>
        </test-method> <!-- addBook -->
      </class> <!-- files.DynamicJson -->
    </test> <!-- Default test -->
  </suite> <!-- Default suite -->
</testng-results>
