<?xml version="1.0" encoding="UTF-8"?>
<testng-results ignored="0" total="1" passed="1" failed="0" skipped="0">
  <reporter-output>
  </reporter-output>
  <suite started-at="2024-10-16T14:16:50 NZDT" name="Default suite" finished-at="2024-10-16T14:16:51 NZDT" duration-ms="1119">
    <groups>
    </groups>
    <test started-at="2024-10-16T14:16:50 NZDT" name="Default test" finished-at="2024-10-16T14:16:51 NZDT" duration-ms="1119">
      <class name="SumValidation">
        <test-method signature="sumOfCourses()[pri:0, instance:SumValidation@4c1909a3]" started-at="2024-10-16T14:16:50 NZDT" name="sumOfCourses" finished-at="2024-10-16T14:16:51 NZDT" duration-ms="1078" status="PASS">
          <reporter-output>
          </reporter-output>
        </test-method> <!-- sumOfCourses -->
      </class> <!-- SumValidation -->
    </test> <!-- Default test -->
  </suite> <!-- Default suite -->
</testng-results>
